\BOOKMARK [0][-]{chapter.1}{\376\377\000I\000n\000t\000r\000o\000d\000u\000z\000i\000o\000n\000e}{}% 1
\BOOKMARK [0][-]{chapter.2}{\376\377\000P\000r\000o\000g\000e\000t\000t\000a\000z\000i\000o\000n\000e}{}% 2
\BOOKMARK [1][-]{section.2.1}{\376\377\000F\000e\000a\000t\000u\000r\000e\000\040\000A\000g\000g\000i\000u\000n\000t\000i\000v\000e}{chapter.2}% 3
\BOOKMARK [0][-]{chapter.3}{\376\377\000I\000m\000p\000l\000e\000m\000e\000n\000t\000a\000z\000i\000o\000n\000e}{}% 4
\BOOKMARK [1][-]{section.3.1}{\376\377\000A\000p\000p\000\040\000M\000o\000b\000i\000l\000e}{chapter.3}% 5
\BOOKMARK [1][-]{section.3.2}{\376\377\000S\000p\000l\000a\000s\000h\000\040\000S\000c\000r\000e\000e\000n}{chapter.3}% 6
\BOOKMARK [2][-]{subsection.3.2.1}{\376\377\000A\000c\000t\000i\000v\000i\000t\000y\000\040\000R\000e\000c\000o\000g\000n\000i\000t\000i\000o\000n}{section.3.2}% 7
\BOOKMARK [1][-]{section.3.3}{\376\377\000M\000a\000p\000W\000i\000d\000g\000e\000t}{chapter.3}% 8
\BOOKMARK [2][-]{subsection.3.3.1}{\376\377\000F\000e\000a\000t\000u\000r\000e\000\040\000A\000g\000g\000i\000u\000n\000t\000i\000v\000a}{section.3.3}% 9
\BOOKMARK [1][-]{section.3.4}{\376\377\000B\000a\000c\000k\000e\000n\000d}{chapter.3}% 10
\BOOKMARK [1][-]{section.3.5}{\376\377\000F\000r\000o\000n\000t\000e\000n\000d}{chapter.3}% 11
\BOOKMARK [0][-]{chapter.4}{\376\377\000A\000l\000g\000o\000r\000i\000t\000m\000i\000\040\000d\000i\000\040\000c\000l\000a\000s\000s\000i\000f\000i\000c\000a\000z\000i\000o\000n\000e\000\040\000e\000\040\000R\000i\000s\000u\000l\000t\000a\000t\000i}{}% 12
\BOOKMARK [1][-]{section.4.1}{\376\377\000D\000a\000t\000a\000s\000e\000t\000\040\000e\000\040\000t\000e\000c\000n\000o\000l\000o\000g\000i\000e\000\040\000u\000t\000i\000l\000i\000z\000z\000a\000t\000e}{chapter.4}% 13
\BOOKMARK [2][-]{subsection.4.1.1}{\376\377\000D\000a\000t\000a\000\040\000m\000i\000n\000i\000n\000g}{section.4.1}% 14
\BOOKMARK [1][-]{section.4.2}{\376\377\000G\000l\000i\000\040\000a\000l\000g\000o\000r\000i\000t\000m\000i}{chapter.4}% 15
\BOOKMARK [2][-]{subsection.4.2.1}{\376\377\000K\000N\000N}{section.4.2}% 16
\BOOKMARK [2][-]{subsection.4.2.2}{\376\377\000R\000a\000n\000d\000o\000m\000\040\000F\000o\000r\000e\000s\000t}{section.4.2}% 17
\BOOKMARK [2][-]{subsection.4.2.3}{\376\377\000G\000a\000u\000s\000s\000i\000a\000n\000\040\000N\000a\000i\000v\000e\000\040\000B\000a\000y\000e\000s}{section.4.2}% 18
\BOOKMARK [1][-]{section.4.3}{\376\377\000C\000o\000n\000f\000r\000o\000n\000t\000o\000\040\000d\000e\000i\000\040\000r\000i\000s\000u\000l\000t\000a\000t\000i}{chapter.4}% 19
\BOOKMARK [1][-]{section.4.4}{\376\377\000A\000c\000c\000u\000r\000a\000t\000e\000z\000z\000a\000\040\000s\000i\000s\000t\000e\000m\000a\000\040\000H\000a\000r\000\040\000i\000n\000t\000e\000g\000r\000a\000t\000o}{chapter.4}% 20
\BOOKMARK [1][-]{section.4.5}{\376\377\000I\000m\000p\000l\000e\000m\000e\000n\000t\000a\000z\000i\000o\000n\000e\000\040\000d\000e\000l\000\040\000R\000a\000n\000d\000o\000m\000\040\000F\000o\000r\000e\000s\000t\000\040\000n\000e\000l\000l\000'\000a\000p\000p}{chapter.4}% 21
